2017-11-20 20:05:06 - // include directory, this will be replaced by the kernel
2017-11-20 20:05:06 - #I "C:\\Users\\haho6\\Desktop\\IfSharp.v3.0.0-beta2"
2017-11-20 20:05:06 - // load base dlls
2017-11-20 20:05:06 - #r "IfSharp.Kernel.dll"
2017-11-20 20:05:06 - #r "NetMQ.dll"
2017-11-20 20:05:06 - // open the global functions and methods
2017-11-20 20:05:06 - open IfSharp.Kernel
2017-11-20 20:05:06 - open IfSharp.Kernel.Globals
2017-11-20 20:05:13 - F# Interactive for F# 4.1
2017-11-20 20:05:13 - Freely distributed under the Apache 2.0 Open Source License
2017-11-20 20:05:13 - For help type #help;;
2017-11-20 20:05:13 - > val it : ResizeArray<System.Type * (obj -> seq<string * string> * string)> =
2017-11-20 20:05:13 -   seq []
2017-11-20 20:05:13 - --> Added 'C:\Users\haho6\Desktop\IfSharp.v3.0.0-beta2' to library include path
2017-11-20 20:05:13 - --> Referenced 'C:\Users\haho6\Desktop\IfSharp.v3.0.0-beta2\IfSharp.Kernel.dll' (file may be locked by F# Interactive process)
2017-11-20 20:05:13 - --> Referenced 'C:\Users\haho6\Desktop\IfSharp.v3.0.0-beta2\NetMQ.dll' (file may be locked by F# Interactive process)
2017-11-20 20:05:16 - Unknown content type on shell. msg_type is `comm_info_request`
2017-11-20 20:05:59 - let a
2017-11-20 20:05:59 - Incomplete structured construct at or before this point in pattern
2017-11-20 20:06:06 - let a()
2017-11-20 20:06:06 - Incomplete structured construct at or before this point in binding. Expected '=' or other token.
2017-11-20 20:06:14 - let a(){}
2017-11-20 20:06:14 - Unexpected symbol '}' in pattern. Expected identifier, 'global' or other token.
2017-11-20 20:06:19 - let a(){};
2017-11-20 20:06:19 - Unexpected symbol '}' in pattern. Expected identifier, 'global' or other token.
2017-11-20 20:06:25 - let a=5
2017-11-20 20:06:29 - a
2017-11-20 20:07:38 - let a w=w*5
2017-11-20 20:07:44 - a(5)
2017-11-20 20:07:52 - a.GetType
2017-11-20 20:07:57 - a.GetType()
2017-11-20 20:08:06 - GetType(a)
2017-11-20 20:08:06 - The value or constructor 'GetType' is not defined.
2017-11-20 20:08:34 - a=w=e*5
2017-11-20 20:08:34 - The type '(int -> int)' does not support the 'equality' constraint because it is a function type
2017-11-20 20:08:34 - The value or constructor 'w' is not defined. Maybe you want one of the following:
2017-11-20 20:08:34 -    a
2017-11-20 20:08:34 - The value or constructor 'e' is not defined. Maybe you want one of the following:
2017-11-20 20:08:34 -    a
2017-11-20 20:08:57 - let t:int
2017-11-20 20:08:57 - Incomplete structured construct at or before this point in binding. Expected '=' or other token.
2017-11-20 20:09:07 - let (t:int)
2017-11-20 20:09:07 - Incomplete structured construct at or before this point in binding. Expected '=' or other token.
2017-11-20 20:09:19 - let w(t:int)=t+5
2017-11-20 20:09:25 - w(52)
2017-11-21 19:09:03 - // include directory, this will be replaced by the kernel
2017-11-21 19:09:03 - #I "C:\\Users\\haho6\\Desktop\\IfSharp.v3.0.0-beta2"
2017-11-21 19:09:03 - // load base dlls
2017-11-21 19:09:03 - #r "IfSharp.Kernel.dll"
2017-11-21 19:09:03 - #r "NetMQ.dll"
2017-11-21 19:09:03 - // open the global functions and methods
2017-11-21 19:09:03 - open IfSharp.Kernel
2017-11-21 19:09:03 - open IfSharp.Kernel.Globals
2017-11-21 19:09:11 - F# Interactive for F# 4.1
2017-11-21 19:09:11 - Freely distributed under the Apache 2.0 Open Source License
2017-11-21 19:09:11 - For help type #help;;
2017-11-21 19:09:11 - > val it : ResizeArray<System.Type * (obj -> seq<string * string> * string)> =
2017-11-21 19:09:11 -   seq []
2017-11-21 19:09:11 - --> Added 'C:\Users\haho6\Desktop\IfSharp.v3.0.0-beta2' to library include path
2017-11-21 19:09:11 - --> Referenced 'C:\Users\haho6\Desktop\IfSharp.v3.0.0-beta2\IfSharp.Kernel.dll' (file may be locked by F# Interactive process)
2017-11-21 19:09:11 - --> Referenced 'C:\Users\haho6\Desktop\IfSharp.v3.0.0-beta2\NetMQ.dll' (file may be locked by F# Interactive process)
2017-11-21 19:09:15 - Unknown content type on shell. msg_type is `comm_info_request`
